2026-01-06 15:13:36,311 - services.motor_service - INFO - ============================================================
2026-01-06 15:13:36,311 - services.motor_service - INFO - NOUVELLE SESSION DE SUIVI: ACO   370
2026-01-06 15:13:36,311 - services.motor_service - INFO - Fichier: motor_service_20260106_151336_ACO_370.log
2026-01-06 15:13:36,312 - services.motor_service - INFO - Démarrage: 2026-01-06 15:13:36
2026-01-06 15:13:36,312 - services.motor_service - INFO - ============================================================
2026-01-06 15:13:36,312 - services.command_handlers - INFO - Démarrage suivi de: ACO   370 (skip_goto=False)
2026-01-06 15:13:36,312 - core.tracking.tracker - INFO - Encodeur actif - Position: 83.6°
2026-01-06 15:13:36,408 - core.tracking.abaque_manager - INFO - Chargement de l'abaque depuis /home/slenk/DriftApp/data/Loi_coupole.xlsx
2026-01-06 15:13:36,470 - core.tracking.abaque_manager - INFO - Grille créée 12x25 (interpolation manuelle)
2026-01-06 15:13:36,470 - core.tracking.abaque_manager - INFO - ==================================================
2026-01-06 15:13:36,470 - core.tracking.abaque_manager - INFO - ABAQUE CHARGÉE AVEC SUCCÈS
2026-01-06 15:13:36,470 - core.tracking.abaque_manager - INFO -   Altitudes: 12 points (30° - 85°)
2026-01-06 15:13:36,470 - core.tracking.abaque_manager - INFO -   Azimuts: 25 points par altitude
2026-01-06 15:13:36,470 - core.tracking.abaque_manager - INFO -   Points totaux: 300
2026-01-06 15:13:36,470 - core.tracking.abaque_manager - INFO - ==================================================
2026-01-06 15:13:36,470 - core.tracking.tracker - INFO - Mode abaque activé
2026-01-06 15:13:36,470 - core.tracking.tracker - INFO - Facteur de correction pas: 1.0885
2026-01-06 15:13:37,844 - core.tracking.tracker - INFO - 🔄 Encodeur calibré - Position réelle: 83.6° | Position cible: 104.9° | Delta: +21.3°
2026-01-06 15:13:37,845 - core.tracking.tracker - INFO - Encodeur calibré - Mode absolu disponible
2026-01-06 15:13:37,845 - core.tracking.tracker - INFO - SYNC: Coupole=104.9° | Encodeur=83.6° | Offset=21.3°
2026-01-06 15:13:37,845 - core.tracking.tracker - INFO - 🎯 GOTO initial requis: +21.3° en mode CONTINUOUS (vitesse max)
2026-01-06 15:13:37,845 - core.tracking.tracker - INFO - GOTO initial: 83.6° → 104.9° (vitesse: 0.00014s/pas)
2026-01-06 15:13:37,926 - core.hardware.feedback_controller - INFO - Rotation avec feedback: 83.6° -> 104.9°
