2026-01-06 15:14:12,591 - services.motor_service - INFO - ============================================================
2026-01-06 15:14:12,591 - services.motor_service - INFO - NOUVELLE SESSION DE SUIVI: ACO   370
2026-01-06 15:14:12,591 - services.motor_service - INFO - Fichier: motor_service_20260106_151412_ACO_370.log
2026-01-06 15:14:12,591 - services.motor_service - INFO - Démarrage: 2026-01-06 15:14:12
2026-01-06 15:14:12,591 - services.motor_service - INFO - ============================================================
2026-01-06 15:14:12,591 - services.command_handlers - INFO - Démarrage suivi de: ACO   370 (skip_goto=False)
2026-01-06 15:14:12,592 - core.tracking.tracker - INFO - Encodeur actif - Position: 104.2°
2026-01-06 15:14:12,695 - core.tracking.abaque_manager - INFO - Chargement de l'abaque depuis /home/slenk/DriftApp/data/Loi_coupole.xlsx
2026-01-06 15:14:12,749 - core.tracking.abaque_manager - INFO - Grille créée 12x25 (interpolation manuelle)
2026-01-06 15:14:12,750 - core.tracking.abaque_manager - INFO - ==================================================
2026-01-06 15:14:12,750 - core.tracking.abaque_manager - INFO - ABAQUE CHARGÉE AVEC SUCCÈS
2026-01-06 15:14:12,750 - core.tracking.abaque_manager - INFO -   Altitudes: 12 points (30° - 85°)
2026-01-06 15:14:12,750 - core.tracking.abaque_manager - INFO -   Azimuts: 25 points par altitude
2026-01-06 15:14:12,750 - core.tracking.abaque_manager - INFO -   Points totaux: 300
2026-01-06 15:14:12,750 - core.tracking.abaque_manager - INFO - ==================================================
2026-01-06 15:14:12,750 - core.tracking.tracker - INFO - Mode abaque activé
2026-01-06 15:14:12,751 - core.tracking.tracker - INFO - Facteur de correction pas: 1.0885
2026-01-06 15:14:14,150 - core.tracking.tracker - INFO - 🔄 Encodeur calibré - Position réelle: 104.2° | Position cible: 105.1° | Delta: +0.9°
2026-01-06 15:14:14,151 - core.tracking.tracker - INFO - Encodeur calibré - Mode absolu disponible
2026-01-06 15:14:14,151 - core.tracking.tracker - INFO - SYNC: Coupole=105.1° | Encodeur=104.2° | Offset=0.9°
2026-01-06 15:14:14,151 - core.tracking.tracker - INFO - 🎯 GOTO initial requis: +0.9° en mode CONTINUOUS (vitesse max)
2026-01-06 15:14:14,152 - core.tracking.tracker - INFO - GOTO initial: 104.2° → 105.1° (vitesse: 0.00014s/pas)
2026-01-06 15:14:14,233 - core.hardware.feedback_controller - INFO - Rotation avec feedback: 104.2° -> 105.1°
2026-01-06 15:14:15,886 - core.hardware.feedback_controller - INFO - Rotation feedback réussie: 104.2° -> 105.1° (erreur: +0.02°, 1 iter, 1.7s)
2026-01-06 15:14:15,886 - core.tracking.tracker - INFO - GOTO initial réussi: 104.2° → 105.1° (erreur: 0.02°, 1 iter)
2026-01-06 15:14:15,886 - core.tracking.tracker - INFO - Offset encodeur recalculé: 0.0°
2026-01-06 15:14:15,886 - core.tracking.tracking_logger - INFO - ============================================================
2026-01-06 15:14:15,887 - core.tracking.tracking_logger - INFO - DÉBUT SUIVI: ACO   370
2026-01-06 15:14:15,887 - core.tracking.tracking_logger - INFO - Coordonnées: RA=39.96°, DEC=-1.59°
2026-01-06 15:14:15,887 - core.tracking.tracking_logger - INFO - Heure début: 15:14:15
2026-01-06 15:14:15,887 - core.tracking.tracking_logger - INFO - ============================================================
2026-01-06 15:14:15,887 - core.tracking.tracker - INFO - Méthode: ABAQUE | Az=101.6° Alt=9.8° | Position cible=105.1°
2026-01-06 15:14:15,893 - services.command_handlers - INFO - Suivi démarré - Offset encodeur: 0.02°
2026-01-06 15:16:14,419 - core.hardware.feedback_controller - INFO - Rotation avec feedback: 105.1° -> 105.6°
2026-01-06 15:16:21,158 - core.hardware.feedback_controller - INFO - Rotation feedback réussie: 105.1° -> 105.6° (erreur: +0.02°, 1 iter, 6.8s)
2026-01-06 15:16:21,158 - core.tracking.tracker - INFO - Correction feedback réussie: 105.1° -> 105.6° (erreur: 0.02°, AZCoupole: 105.6°, 1/10 iter, 6.8s)
2026-01-06 15:16:21,158 - core.tracking.tracker - INFO - [15:16:14] Correction: +0.55° | Az=102.0° Alt=10.1° | AzCoupole=105.6° | Mode: TrackingMode.NORMAL (interval=60s, seuil=0.5°)
2026-01-06 15:16:21,158 - services.command_handlers - INFO - [15:16:14] Correction: +0.55° | Az=102.0° Alt=10.1° | AzCoupole=105.6° | Mode: TrackingMode.NORMAL (interval=60s, seuil=0.5°)
2026-01-06 15:18:15,690 - core.hardware.feedback_controller - INFO - Rotation avec feedback: 105.6° -> 106.2°
2026-01-06 15:18:22,412 - core.hardware.feedback_controller - INFO - Rotation feedback réussie: 105.6° -> 106.2° (erreur: +0.01°, 1 iter, 6.8s)
2026-01-06 15:18:22,413 - core.tracking.tracker - INFO - Correction feedback réussie: 105.6° -> 106.2° (erreur: 0.01°, AZCoupole: 106.2°, 1/10 iter, 6.8s)
2026-01-06 15:18:22,413 - core.tracking.tracker - INFO - [15:18:15] Correction: +0.56° | Az=102.4° Alt=10.5° | AzCoupole=106.2° | Mode: TrackingMode.NORMAL (interval=60s, seuil=0.5°)
2026-01-06 15:18:22,413 - services.command_handlers - INFO - [15:18:15] Correction: +0.56° | Az=102.4° Alt=10.5° | AzCoupole=106.2° | Mode: TrackingMode.NORMAL (interval=60s, seuil=0.5°)
2026-01-06 15:20:16,858 - core.hardware.feedback_controller - INFO - Rotation avec feedback: 106.2° -> 106.7°
2026-01-06 15:20:23,551 - core.hardware.feedback_controller - INFO - Rotation feedback réussie: 106.2° -> 106.7° (erreur: +0.00°, 1 iter, 6.8s)
2026-01-06 15:20:23,551 - core.tracking.tracker - INFO - Correction feedback réussie: 106.2° -> 106.7° (erreur: 0.00°, AZCoupole: 106.7°, 1/10 iter, 6.8s)
2026-01-06 15:20:23,551 - core.tracking.tracker - INFO - [15:20:16] Correction: +0.56° | Az=102.7° Alt=10.8° | AzCoupole=106.7° | Mode: TrackingMode.NORMAL (interval=60s, seuil=0.5°)
2026-01-06 15:20:23,552 - services.command_handlers - INFO - [15:20:16] Correction: +0.56° | Az=102.7° Alt=10.8° | AzCoupole=106.7° | Mode: TrackingMode.NORMAL (interval=60s, seuil=0.5°)
2026-01-06 15:22:18,044 - core.hardware.feedback_controller - INFO - Rotation avec feedback: 106.7° -> 107.3°
2026-01-06 15:22:24,658 - core.hardware.feedback_controller - INFO - Rotation feedback réussie: 106.7° -> 107.3° (erreur: +0.01°, 1 iter, 6.7s)
2026-01-06 15:22:24,658 - core.tracking.tracker - INFO - Correction feedback réussie: 106.7° -> 107.3° (erreur: 0.01°, AZCoupole: 107.3°, 1/10 iter, 6.7s)
2026-01-06 15:22:24,659 - core.tracking.tracker - INFO - [15:22:17] Correction: +0.56° | Az=103.1° Alt=11.2° | AzCoupole=107.3° | Mode: TrackingMode.NORMAL (interval=60s, seuil=0.5°)
2026-01-06 15:22:24,659 - services.command_handlers - INFO - [15:22:17] Correction: +0.56° | Az=103.1° Alt=11.2° | AzCoupole=107.3° | Mode: TrackingMode.NORMAL (interval=60s, seuil=0.5°)
2026-01-06 15:24:19,117 - core.hardware.feedback_controller - INFO - Rotation avec feedback: 107.3° -> 107.8°
2026-01-06 15:24:25,959 - core.hardware.feedback_controller - INFO - Rotation feedback réussie: 107.3° -> 107.8° (erreur: +0.02°, 1 iter, 6.9s)
2026-01-06 15:24:25,959 - core.tracking.tracker - INFO - Correction feedback réussie: 107.3° -> 107.8° (erreur: 0.02°, AZCoupole: 107.8°, 1/10 iter, 6.9s)
2026-01-06 15:24:25,959 - core.tracking.tracker - INFO - [15:24:19] Correction: +0.56° | Az=103.5° Alt=11.5° | AzCoupole=107.9° | Mode: TrackingMode.NORMAL (interval=60s, seuil=0.5°)
2026-01-06 15:24:25,959 - services.command_handlers - INFO - [15:24:19] Correction: +0.56° | Az=103.5° Alt=11.5° | AzCoupole=107.9° | Mode: TrackingMode.NORMAL (interval=60s, seuil=0.5°)
2026-01-06 15:24:34,711 - __main__ - INFO - Traitement commande: tracking_stop
2026-01-06 15:24:34,711 - services.command_handlers - INFO - Arrêt du suivi
2026-01-06 15:24:34,711 - core.tracking.tracker - INFO - ============================================================
2026-01-06 15:24:34,711 - core.tracking.tracker - INFO - BILAN DE LA SESSION
2026-01-06 15:24:34,711 - core.tracking.tracker - INFO - ============================================================
2026-01-06 15:24:34,711 - core.tracking.tracker - INFO - Objet: ACO   370
2026-01-06 15:24:34,711 - core.tracking.tracker - INFO - Méthode: ABAQUE
2026-01-06 15:24:34,711 - core.tracking.tracker - INFO - Durée: 0.17h (10.4min)
2026-01-06 15:24:34,711 - core.tracking.tracker - INFO - Corrections appliquées: 5
2026-01-06 15:24:34,711 - core.tracking.tracker - INFO - Mouvement total: 2.8°
2026-01-06 15:24:34,711 - core.tracking.tracker - INFO - Fréquence: 29.0 corrections/h
2026-01-06 15:24:34,712 - core.tracking.tracker - INFO - Mouvement moyen: 16.1°/h
2026-01-06 15:24:34,712 - core.tracking.tracker - INFO - Mode final: normal
2026-01-06 15:24:34,712 - core.tracking.tracker - INFO - Facteur de correction: 1.0885
2026-01-06 15:24:34,712 - core.tracking.tracker - INFO - Démon encodeur: Actif
2026-01-06 15:24:34,712 - core.tracking.tracker - INFO - ============================================================
2026-01-06 15:24:34,715 - web.session.session_storage - INFO - Session sauvegardée: 20260106_151413_ACO___370
2026-01-06 15:24:34,716 - core.tracking.tracker - INFO - Session sauvegardée: 20260106_151413_ACO___370
2026-01-06 15:24:34,716 - core.tracking.tracker - INFO - Suivi arrêté
2026-01-06 15:24:34,716 - core.tracking.tracking_logger - INFO - ============================================================
2026-01-06 15:24:34,716 - core.tracking.tracking_logger - INFO - FIN SUIVI | Raison: Manuel
2026-01-06 15:24:34,716 - core.tracking.tracking_logger - INFO - Durée totale: 10.4 minutes
2026-01-06 15:24:34,716 - core.tracking.tracking_logger - INFO - ============================================================
2026-01-06 15:24:34,716 - core.tracking.tracker - INFO - Statistiques | Corrections: 5 | Mouvement total: 2.8° | Correction moyenne: 0.56°
