INFO 2025-12-19 14:09:38,045 autoreload Watching for file changes with StatReloader
INFO 2025-12-19 14:14:40,559 autoreload Watching for file changes with StatReloader
WARNING 2025-12-19 14:14:53,144 log Not Found: /favicon.ico
INFO 2025-12-25 11:57:06,365 autoreload Watching for file changes with StatReloader
ERROR 2025-12-25 11:57:49,463 log Service Unavailable: /api/health/
INFO 2025-12-25 12:10:42,745 autoreload Watching for file changes with StatReloader
INFO 2025-12-25 12:59:53,759 autoreload Watching for file changes with StatReloader
ERROR 2025-12-25 13:00:54,958 log Service Unavailable: /api/tracking/start/
INFO 2025-12-25 13:11:12,985 autoreload Watching for file changes with StatReloader
WARNING 2025-12-25 13:23:50,531 log Not Found: /favicon.ico
INFO 2025-12-25 13:29:32,953 autoreload /home/jp/PythonProject/Dome_web_v4_6/web/health/views.py changed, reloading.
INFO 2025-12-25 13:29:33,125 autoreload Watching for file changes with StatReloader
WARNING 2025-12-25 13:32:20,806 log Not Found: /favicon.ico
INFO 2025-12-25 13:35:08,312 autoreload /home/jp/PythonProject/Dome_web_v4_6/web/driftapp_web/urls.py changed, reloading.
INFO 2025-12-25 13:35:08,502 autoreload Watching for file changes with StatReloader
INFO 2025-12-25 16:22:36,711 autoreload /home/jp/PythonProject/Dome_web_v4_6/web/driftapp_web/settings.py changed, reloading.
INFO 2025-12-25 16:24:14,819 autoreload Watching for file changes with StatReloader
WARNING 2025-12-25 16:29:30,852 log Not Found: /api/session/current/
WARNING 2025-12-25 16:29:37,040 log Not Found: /api/session/current/
WARNING 2025-12-25 16:29:40,842 log Not Found: /api/session/current/
WARNING 2025-12-25 16:29:45,841 log Not Found: /api/session/current/
INFO 2025-12-25 16:30:33,959 autoreload Watching for file changes with StatReloader
INFO 2025-12-25 16:49:06,900 autoreload Watching for file changes with StatReloader
INFO 2025-12-25 17:09:11,124 autoreload Watching for file changes with StatReloader
WARNING 2025-12-25 17:33:36,045 log Not Found: /api/session/current/
WARNING 2025-12-25 17:41:47,032 log Not Found: /api/session/current/
INFO 2025-12-25 17:42:10,237 session_storage Session supprimée: 20251225_170946_NGC__7000
INFO 2025-12-25 17:42:27,195 session_storage Session supprimée: 20251225_164931_NGC__7000
INFO 2025-12-25 17:42:35,310 session_storage Session supprimée: 20251225_163101_NGC__7000
WARNING 2025-12-25 17:42:39,772 log Not Found: /api/session/current/
WARNING 2025-12-25 17:42:42,023 log Not Found: /api/session/current/
INFO 2025-12-25 18:59:17,665 session_storage Session supprimée: 20251225_174256_NGC__7000
